<?xml version="1.0" encoding="UTF-8"?>
<testsuite name="PointTest" tests="4" skipped="0" failures="0" errors="0" timestamp="2024-09-18T13:28:41" hostname="hasobe.local" time="0.014">
  <properties/>
  <testcase name="testCheckFalseCondition()" classname="PointTest" time="0.01"/>
  <testcase name="testCheckBoundaryCondition()" classname="PointTest" time="0.001"/>
  <testcase name="testCheckTrueCondition1()" classname="PointTest" time="0.0"/>
  <testcase name="testCheckTrueCondition2()" classname="PointTest" time="0.0"/>
  <system-out><![CDATA[]]></system-out>
  <system-err><![CDATA[]]></system-err>
</testsuite>
